<?xml version="1.0" encoding="UTF-8"?>
<testng-results ignored="0" total="1" passed="1" failed="0" skipped="0">
  <reporter-output>
  </reporter-output>
  <suite started-at="2022-07-03T17:54:20 EDT" name="Suite" finished-at="2022-07-03T17:54:23 EDT" duration-ms="3492">
    <groups>
    </groups>
    <test started-at="2022-07-03T17:54:20 EDT" name="Test" finished-at="2022-07-03T17:54:23 EDT" duration-ms="3492">
      <class name="testng_parameters.Testng_Parameters">
        <test-method signature="login()[pri:0, instance:testng_parameters.Testng_Parameters@14555e0a]" started-at="2022-07-03T17:54:20 EDT" name="login" finished-at="2022-07-03T17:54:23 EDT" duration-ms="3437" status="PASS">
          <reporter-output>
          </reporter-output>
        </test-method> <!-- login -->
      </class> <!-- testng_parameters.Testng_Parameters -->
    </test> <!-- Test -->
  </suite> <!-- Suite -->
</testng-results>
